{"C:\\Users\\User\\OneDrive\\Рабочий стол\\wd-dz\\dz-nit\\new test 2\\index.js": {"path":"C:\\Users\\User\\OneDrive\\Рабочий стол\\wd-dz\\dz-nit\\new test 2\\index.js","statementMap":{"0":{"start":{"line":2,"column":4},"end":{"line":2,"column":62}},"1":{"start":{"line":2,"column":41},"end":{"line":2,"column":60}},"2":{"start":{"line":5,"column":2},"end":{"line":5,"column":38}}},"fnMap":{"0":{"name":"sortHeroesByHealth","decl":{"start":{"line":1,"column":9},"end":{"line":1,"column":27}},"loc":{"start":{"line":1,"column":36},"end":{"line":3,"column":3}},"line":1},"1":{"name":"(anonymous_1)","decl":{"start":{"line":2,"column":31},"end":{"line":2,"column":32}},"loc":{"start":{"line":2,"column":41},"end":{"line":2,"column":60}},"line":2}},"branchMap":{},"s":{"0":2,"1":4,"2":1},"f":{"0":2,"1":4},"b":{},"_coverageSchema":"1a1c01bbd47fc00a2c39e90264f33305004495a9","hash":"59004ef685a588b079aa3735f730aac7182d9d55"}
}
